<?xml version="1.0" encoding="UTF-8"?>
<!-- Generated by org.testng.reporters.JUnitReportReporter -->
<testsuite hostname="Praful" failures="0" tests="2" name="TestLayer.LoginPageTest" time="2.279" errors="0" timestamp="2025-02-27T20:11:50 IST" skipped="0">
  <testcase classname="TestLayer.LoginPageTest" name="validateLoginFunctionality" time="2.234"/>
  <system-out/>
  <testcase classname="TestLayer.LoginPageTest" name="validateMessage" time="0.045"/>
  <system-out/>
</testsuite> <!-- TestLayer.LoginPageTest -->
