<?xml version="1.0" encoding="UTF-8"?>
<!-- Generated by org.testng.reporters.JUnitReportReporter -->
<testsuite hostname="Praful" failures="0" tests="9" name="TestLayer.RegisterPageTest" time="2.059" errors="0" timestamp="2025-02-27T20:11:50 IST" skipped="0">
  <testcase classname="TestLayer.RegisterPageTest" name="ab1" time="0.002"/>
  <system-out/>
  <testcase classname="TestLayer.RegisterPageTest" name="tearDown1" time="0.000"/>
  <system-out/>
  <testcase classname="TestLayer.RegisterPageTest" name="tearDown2" time="0.001"/>
  <system-out/>
  <testcase classname="TestLayer.RegisterPageTest" name="p1" time="0.001"/>
  <system-out/>
  <testcase classname="TestLayer.RegisterPageTest" name="validateRegisterFunctionality" time="2.039"/>
  <system-out/>
  <testcase classname="TestLayer.RegisterPageTest" name="ab" time="0.014"/>
  <system-out/>
  <testcase classname="TestLayer.RegisterPageTest" name="p2" time="0.001"/>
  <system-out/>
  <testcase classname="TestLayer.RegisterPageTest" name="tearDown3" time="0.000"/>
  <system-out/>
  <testcase classname="TestLayer.RegisterPageTest" name="p" time="0.001"/>
  <system-out/>
</testsuite> <!-- TestLayer.RegisterPageTest -->
