<?xml version="1.0" encoding="UTF-8"?>
<!-- Generated by org.testng.reporters.JUnitReportReporter -->
<testsuite hostname="Praful" failures="0" tests="13" name="TestLayer.RegisterSucessTest" time="0.079" errors="0" timestamp="2025-02-27T19:55:01 IST" skipped="0">
  <testcase classname="TestLayer.RegisterSucessTest" name="abc" time="0.001"/>
  <system-out/>
  <testcase classname="TestLayer.RegisterSucessTest" name="p1" time="0.001"/>
  <system-out/>
  <testcase classname="TestLayer.RegisterSucessTest" name="xyz" time="0.000"/>
  <system-out/>
  <testcase classname="TestLayer.RegisterSucessTest" name="abc10000" time="0.000"/>
  <system-out/>
  <testcase classname="TestLayer.RegisterSucessTest" name="p2" time="0.000"/>
  <system-out/>
  <testcase classname="TestLayer.RegisterSucessTest" name="p2900" time="0.000"/>
  <system-out/>
  <testcase classname="TestLayer.RegisterSucessTest" name="pqr1" time="0.000"/>
  <system-out/>
  <testcase classname="TestLayer.RegisterSucessTest" name="pqr" time="0.000"/>
  <system-out/>
  <testcase classname="TestLayer.RegisterSucessTest" name="pqr200" time="0.000"/>
  <system-out/>
  <testcase classname="TestLayer.RegisterSucessTest" name="validateSucessPageUrl" time="0.009"/>
  <system-out/>
  <testcase classname="TestLayer.RegisterSucessTest" name="validateFirstName" time="0.023"/>
  <system-out/>
  <testcase classname="TestLayer.RegisterSucessTest" name="validateLastName" time="0.027"/>
  <system-out/>
  <testcase classname="TestLayer.RegisterSucessTest" name="validateEmailId" time="0.018"/>
  <system-out/>
</testsuite> <!-- TestLayer.RegisterSucessTest -->
